<?xml version="1.0" encoding="UTF-8"?>
<testsuite xmlns:xsi="http://www.w3.org/2001/XMLSchema-instance" xsi:noNamespaceSchemaLocation="https://maven.apache.org/surefire/maven-surefire-plugin/xsd/surefire-test-report-3.0.xsd" version="3.0" name="cucumberOptions.TestNgTestRunner" time="23.435" tests="3" errors="0" skipped="0" failures="1">
  <properties>
[...]
</properties>
  <testcase name="runScenario[&quot;Search experience for product search in both home and offers page&quot;, &quot;search and place the order for product&quot;](1)" classname="cucumberOptions.TestNgTestRunner" time="11.029">
    <system-out><![CDATA[
Scenario: Search experience for product search in both home and offers page # src/test/java/features/LandingPage.feature:11
  Given : user is on landing page                                           # StepDefinitions.LandingPageStepDefinitions.user_is_on_landing_page()
:user searched with Tom and extarcted actual name of product
  When : user searched with Tom and extarcted actual name of product        # StepDefinitions.LandingPageStepDefinitions.user_searched_with_and_extarcted_actual_name_of_product(java.lang.String)
:user searched for Tom shortname in offers page
  Then : user searched for Tom shortname in offers page                     # StepDefinitions.LandingPageStepDefinitions.user_searched_for_shortname_in_offers_page(java.lang.String)
: validate products name in offers page matches with landing page
  And : validate products name in offers page matches with landing page     # StepDefinitions.LandingPageStepDefinitions.validate_products_name_in_offers_page_matches_with_landing_page()
]]></system-out>
    <system-err><![CDATA[SLF4J: Failed to load class "org.slf4j.impl.StaticLoggerBinder".
SLF4J: Defaulting to no-operation (NOP) logger implementation
SLF4J: See http://www.slf4j.org/codes.html#StaticLoggerBinder for further details.
]]></system-err>
  </testcase>
  <testcase name="runScenario[&quot;Search experience for product search in both home and offers page&quot;, &quot;search and place the order for product&quot;](2)" classname="cucumberOptions.TestNgTestRunner" time="8.24">
    <system-out><![CDATA[
Scenario: Search experience for product search in both home and offers page # src/test/java/features/LandingPage.feature:12
  Given : user is on landing page                                           # StepDefinitions.LandingPageStepDefinitions.user_is_on_landing_page()
:user searched with Beet and extarcted actual name of product
  When : user searched with Beet and extarcted actual name of product       # StepDefinitions.LandingPageStepDefinitions.user_searched_with_and_extarcted_actual_name_of_product(java.lang.String)
:user searched for Beet shortname in offers page
  Then : user searched for Beet shortname in offers page                    # StepDefinitions.LandingPageStepDefinitions.user_searched_for_shortname_in_offers_page(java.lang.String)
: validate products name in offers page matches with landing page
  And : validate products name in offers page matches with landing page     # StepDefinitions.LandingPageStepDefinitions.validate_products_name_in_offers_page_matches_with_landing_page()
]]></system-out>
  </testcase>
  <testcase name="runScenario[&quot;User searches for a product on the offers page&quot;, &quot;Search product on offers page&quot;](3)" classname="cucumberOptions.TestNgTestRunner" time="0.119">
    <failure message="The step &apos;I am on the offers page&apos; and 2 other step(s) are undefined.&#10;You can implement these steps using the snippet(s) below:&#10;&#10;@Given(&quot;I am on the offers page&quot;)&#10;public void i_am_on_the_offers_page() {&#10;    // Write code here that turns the phrase above into concrete actions&#10;    throw new io.cucumber.java.PendingException();&#10;}&#10;@When(&quot;search for {string} and extract the actual name of the product&quot;)&#10;public void search_for_and_extract_the_actual_name_of_the_product(String string) {&#10;    // Write code here that turns the phrase above into concrete actions&#10;    throw new io.cucumber.java.PendingException();&#10;}&#10;@Then(&quot;I should see {string} in the search results&quot;)&#10;public void i_should_see_in_the_search_results(String string) {&#10;    // Write code here that turns the phrase above into concrete actions&#10;    throw new io.cucumber.java.PendingException();&#10;}&#10;" type="io.cucumber.testng.UndefinedStepException"><![CDATA[io.cucumber.testng.UndefinedStepException: 
The step 'I am on the offers page' and 2 other step(s) are undefined.
You can implement these steps using the snippet(s) below:

@Given("I am on the offers page")
public void i_am_on_the_offers_page() {
    // Write code here that turns the phrase above into concrete actions
    throw new io.cucumber.java.PendingException();
}
@When("search for {string} and extract the actual name of the product")
public void search_for_and_extract_the_actual_name_of_the_product(String string) {
    // Write code here that turns the phrase above into concrete actions
    throw new io.cucumber.java.PendingException();
}
@Then("I should see {string} in the search results")
public void i_should_see_in_the_search_results(String string) {
    // Write code here that turns the phrase above into concrete actions
    throw new io.cucumber.java.PendingException();
}

	at io.cucumber.core.runtime.TestCaseResultObserver.assertTestCasePassed(TestCaseResultObserver.java:69)
	at io.cucumber.testng.TestCaseResultObserver.assertTestCasePassed(TestCaseResultObserver.java:23)
	at io.cucumber.testng.TestNGCucumberRunner.lambda$runScenario$1(TestNGCucumberRunner.java:133)
	at io.cucumber.core.runtime.CucumberExecutionContext.lambda$runTestCase$5(CucumberExecutionContext.java:137)
	at io.cucumber.core.runtime.RethrowingThrowableCollector.executeAndThrow(RethrowingThrowableCollector.java:23)
	at io.cucumber.core.runtime.CucumberExecutionContext.runTestCase(CucumberExecutionContext.java:137)
	at io.cucumber.testng.TestNGCucumberRunner.runScenario(TestNGCucumberRunner.java:129)
	at io.cucumber.testng.AbstractTestNGCucumberTests.runScenario(AbstractTestNGCucumberTests.java:35)
	at java.base/jdk.internal.reflect.DirectMethodHandleAccessor.invoke(DirectMethodHandleAccessor.java:103)
	at java.base/java.lang.reflect.Method.invoke(Method.java:580)
	at org.testng.internal.invokers.MethodInvocationHelper.invokeMethod(MethodInvocationHelper.java:139)
	at org.testng.internal.invokers.TestInvoker.invokeMethod(TestInvoker.java:664)
	at org.testng.internal.invokers.TestInvoker.invokeTestMethod(TestInvoker.java:227)
	at org.testng.internal.invokers.MethodRunner.runInSequence(MethodRunner.java:50)
	at org.testng.internal.invokers.TestInvoker$MethodInvocationAgent.invoke(TestInvoker.java:957)
	at org.testng.internal.invokers.TestInvoker.invokeTestMethods(TestInvoker.java:200)
	at org.testng.internal.invokers.TestMethodWorker.invokeTestMethods(TestMethodWorker.java:148)
	at org.testng.internal.invokers.TestMethodWorker.run(TestMethodWorker.java:128)
	at java.base/java.util.ArrayList.forEach(ArrayList.java:1597)
	at org.testng.TestRunner.privateRun(TestRunner.java:848)
	at org.testng.TestRunner.run(TestRunner.java:621)
	at org.testng.SuiteRunner.runTest(SuiteRunner.java:443)
	at org.testng.SuiteRunner.runSequentially(SuiteRunner.java:437)
	at org.testng.SuiteRunner.privateRun(SuiteRunner.java:397)
	at org.testng.SuiteRunner.run(SuiteRunner.java:336)
	at org.testng.SuiteRunnerWorker.runSuite(SuiteRunnerWorker.java:52)
	at org.testng.SuiteRunnerWorker.run(SuiteRunnerWorker.java:95)
	at org.testng.TestNG.runSuitesSequentially(TestNG.java:1280)
	at org.testng.TestNG.runSuitesLocally(TestNG.java:1200)
	at org.testng.TestNG.runSuites(TestNG.java:1114)
	at org.testng.TestNG.run(TestNG.java:1082)
	at org.apache.maven.surefire.testng.TestNGExecutor.run(TestNGExecutor.java:155)
	at org.apache.maven.surefire.testng.TestNGDirectoryTestSuite.executeSingleClass(TestNGDirectoryTestSuite.java:102)
	at org.apache.maven.surefire.testng.TestNGDirectoryTestSuite.execute(TestNGDirectoryTestSuite.java:91)
	at org.apache.maven.surefire.testng.TestNGProvider.invoke(TestNGProvider.java:137)
	at org.apache.maven.surefire.booter.ForkedBooter.runSuitesInProcess(ForkedBooter.java:385)
	at org.apache.maven.surefire.booter.ForkedBooter.execute(ForkedBooter.java:162)
	at org.apache.maven.surefire.booter.ForkedBooter.run(ForkedBooter.java:507)
	at org.apache.maven.surefire.booter.ForkedBooter.main(ForkedBooter.java:495)
]]></failure>
    <system-out><![CDATA[
Scenario: User searches for a product on the offers page           # src/test/java/features/OffersPage.feature:3
  Given I am on the offers page
  When search for "Tom" and extract the actual name of the product
  Then I should see "Tom" in the search results
]]></system-out>
  </testcase>
</testsuite>