<?xml version="1.0" encoding="UTF-8"?>
<testsuite xmlns:xsi="http://www.w3.org/2001/XMLSchema-instance" xsi:noNamespaceSchemaLocation="https://maven.apache.org/surefire/maven-surefire-plugin/xsd/surefire-test-report-3.0.xsd" version="3.0" name="TestSuite" time="14.18" tests="1" errors="0" skipped="0" failures="0">
  <properties>
[...]
</properties>
  <testcase name="runScenario[&quot;Search experience for product search in both home and offers page&quot;, &quot;search and place the order for product&quot;](1)" classname="cucumberOptions.TestNgTestRunner" time="11.271">
    <system-out><![CDATA[
Scenario: Search experience for product search in both home and offers page # src/test/java/features/LandingPage.feature:11
  Given : user is on landing page                                           # StepDefinitions.LandingPageStepDefinitions.user_is_on_landing_page()
Searched product on landing page:--Tomato
  When : user searched with Tom and extarcted actual name of product        # StepDefinitions.LandingPageStepDefinitions.user_searched_with_and_extarcted_actual_name_of_product(java.lang.String)
  Then : user searched for Tom shortname in landingpage page                # StepDefinitions.OffersPageStepDefinition.user_searched_for_shortname_in_offers_page(java.lang.String)
  Then validate product name in offers page matches with Landing Page       # StepDefinitions.OffersPageStepDefinition.validate_product_name_in_offers_page()
]]></system-out>
    <system-err><![CDATA[SLF4J: Failed to load class "org.slf4j.impl.StaticLoggerBinder".
SLF4J: Defaulting to no-operation (NOP) logger implementation
SLF4J: See http://www.slf4j.org/codes.html#StaticLoggerBinder for further details.
]]></system-err>
  </testcase>
</testsuite>